<?xml version="1.0" encoding="UTF-8" ?>
<testsuite tests="8" failures="1" name="calculator.RunCucumberTest" time="0.378" errors="0" skipped="0">
  <properties>
    <property name="java.runtime.name" value="Java(TM) SE Runtime Environment"/>
    <property name="java.vm.version" value="17.0.3.1+2-LTS-6"/>
    <property name="sun.boot.library.path" value="C:\Program Files (x86)\Java\jdk-17.0.3.1\bin"/>
    <property name="maven.multiModuleProjectDirectory" value="C:\dev\xray-cucumber-calc"/>
    <property name="java.vm.vendor" value="Oracle Corporation"/>
    <property name="java.vendor.url" value="https://java.oracle.com/"/>
    <property name="guice.disable.misplaced.annotation.check" value="true"/>
    <property name="path.separator" value=";"/>
    <property name="cucumber.features" value="features/"/>
    <property name="java.vm.name" value="Java HotSpot(TM) 64-Bit Server VM"/>
    <property name="sun.os.patch.level" value=""/>
    <property name="user.script" value=""/>
    <property name="user.country" value="DE"/>
    <property name="sun.java.launcher" value="SUN_STANDARD"/>
    <property name="java.vm.specification.name" value="Java Virtual Machine Specification"/>
    <property name="user.dir" value="C:\dev\xray-cucumber-calc"/>
    <property name="java.vm.compressedOopsMode" value="Zero based"/>
    <property name="java.runtime.version" value="17.0.3.1+2-LTS-6"/>
    <property name="os.arch" value="amd64"/>
    <property name="cucumber.plugin" value="json:report.json"/>
    <property name="java.io.tmpdir" value="C:\Users\Satar_E\AppData\Local\Temp\"/>
    <property name="line.separator" value="
"/>
    <property name="java.vm.specification.vendor" value="Oracle Corporation"/>
    <property name="user.variant" value=""/>
    <property name="os.name" value="Windows 10"/>
    <property name="classworlds.conf" value="C:\Program Files (x86)\Maven\apache-maven-3.8.6\bin\m2.conf"/>
    <property name="sun.jnu.encoding" value="Cp1252"/>
    <property name="java.library.path" value="C:\Program Files (x86)\Java\jdk-17.0.3.1\bin;C:\Windows\Sun\Java\bin;C:\Windows\system32;C:\Windows;C:\Program Files (x86)\Java\jdk-17.0.3.1\bin;C:\Program Files (x86)\Common Files\Oracle\Java\javapath;C:\Program Files (x86)\VMware\VMware Workstation\bin\;C:\Windows\system32;C:\Windows;C:\Windows\System32\Wbem;C:\Windows\System32\WindowsPowerShell\v1.0\;C:\Windows\System32\OpenSSH\;C:\Program Files (x86)\CheckPoint\Endpoint Security\Endpoint Common\bin;C:\Program Files (x86)\Enterprise Vault\EVClient\;C:\Program Files (x86)\NVIDIA Corporation\PhysX\Common;C:\Program Files\Git\cmd;C:\Program Files\nodejs\;;C:\minikube;C:\Program Files\Docker\Docker\resources\bin;C:\ProgramData\DockerDesktop\version-bin;C:\Program Files\Amazon\AWSCLIV2\;C:\Program Files (x86)\Java\jdk-17.0.3.1\bin;C:\Program Files (x86)\Common Files\Oracle\Java\javapath;C:\Program Files (x86)\VMware\VMware Workstation\bin\;C:\Windows\system32;C:\Windows;C:\Windows\System32\Wbem;C:\Windows\System32\WindowsPowerShell\v1.0\;C:\Windows\System32\OpenSSH\;C:\Program Files (x86)\CheckPoint\Endpoint Security\Endpoint Common\bin;C:\Program Files (x86)\Enterprise Vault\EVClient\;C:\Program Files (x86)\NVIDIA Corporation\PhysX\Common;C:\Program Files\Git\cmd;C:\Program Files\nodejs\;;C:\minikube;C:\Program Files\Docker\Docker\resources\bin;C:\ProgramData\DockerDesktop\version-bin;C:\Program Files\Amazon\AWSCLIV2\;C:\Users\Satar_E\AppData\Local\Microsoft\WindowsApps;C:\Program Files (x86)\Maven\apache-maven-3.8.6\bin;C:\Program Files\JetBrains\IntelliJ IDEA Community Edition 2022.1.3\bin;C:\Users\Satar_E\AppData\Local\Programs\Microsoft VS Code\bin;C:\Users\Satar_E\AppData\Roaming\npm;C:\Users\Satar_E\tektoncd\cli;."/>
    <property name="maven.conf" value="C:\Program Files (x86)\Maven\apache-maven-3.8.6/conf"/>
    <property name="jdk.debug" value="release"/>
    <property name="java.class.version" value="61.0"/>
    <property name="java.specification.name" value="Java Platform API Specification"/>
    <property name="sun.management.compiler" value="HotSpot 64-Bit Tiered Compilers"/>
    <property name="os.version" value="10.0"/>
    <property name="library.jansi.path" value="C:\Program Files (x86)\Maven\apache-maven-3.8.6\lib\jansi-native"/>
    <property name="user.home" value="C:\Users\Satar_E"/>
    <property name="user.timezone" value="Europe/Berlin"/>
    <property name="file.encoding" value="Cp1252"/>
    <property name="java.specification.version" value="17"/>
    <property name="user.name" value="Satar_E"/>
    <property name="java.class.path" value="C:\Program Files (x86)\Maven\apache-maven-3.8.6\boot\plexus-classworlds-2.6.0.jar"/>
    <property name="java.vm.specification.version" value="17"/>
    <property name="sun.arch.data.model" value="64"/>
    <property name="sun.java.command" value="org.codehaus.plexus.classworlds.launcher.Launcher clean compile test -D cucumber.plugin=json:report.json -D cucumber.features=features/"/>
    <property name="java.home" value="C:\Program Files (x86)\Java\jdk-17.0.3.1"/>
    <property name="user.language" value="de"/>
    <property name="java.specification.vendor" value="Oracle Corporation"/>
    <property name="java.vm.info" value="mixed mode, sharing"/>
    <property name="java.version" value="17.0.3.1"/>
    <property name="native.encoding" value="Cp1252"/>
    <property name="java.vendor" value="Oracle Corporation"/>
    <property name="sun.stderr.encoding" value="cp850"/>
    <property name="maven.home" value="C:\Program Files (x86)\Maven\apache-maven-3.8.6"/>
    <property name="file.separator" value="\"/>
    <property name="java.version.date" value="2022-04-22"/>
    <property name="java.vendor.url.bug" value="https://bugreport.java.com/bugreport/"/>
    <property name="sun.io.unicode.encoding" value="UnicodeLittle"/>
    <property name="sun.cpu.endian" value="little"/>
    <property name="sun.stdout.encoding" value="cp850"/>
    <property name="sun.cpu.isalist" value="amd64"/>
  </properties>
  <testcase classname="As a user, I can calculate the sum of two numbers #1" name="simple integer addition" time="0.338"/>
  <testcase classname="As a user, I can calculate the sum of two numbers #2" name="As a user, I can multiply two numbers" time="0.007">
    <failure message="expected:&lt;0&gt; but was:&lt;1000&gt;" type="java.lang.AssertionError">java.lang.AssertionError: expected:&lt;0&gt; but was:&lt;1000&gt;
	at org.junit.Assert.fail(Assert.java:89)
	at org.junit.Assert.failNotEquals(Assert.java:835)
	at org.junit.Assert.assertEquals(Assert.java:120)
	at org.junit.Assert.assertEquals(Assert.java:146)
	at calculator.StepDefinitions.the_result_should_be_on_the_screen(StepDefinitions.java:36)
	at ✽.the result should be 0 on the screen(file:///C:/dev/xray-cucumber-calc/features/1_NEMCRM-2825.feature:12)
</failure>
    <system-out>
@NEMCRM-2850 @NEMCRM-2823 @NEMCRM-2825
Scenario: As a user, I can multiply two numbers &amp;#27;[90m# features/1_NEMCRM-2825.feature:8&amp;#27;[0m
  &amp;#27;[32mGiven &amp;#27;[0m&amp;#27;[32mI have entered &amp;#27;[0m&amp;#27;[32m&amp;#27;[1m1000&amp;#27;[0m&amp;#27;[32m into the calculator&amp;#27;[0m &amp;#27;[90m# calculator.StepDefinitions.i_have_entered_into_the_calculator(java.lang.Integer)&amp;#27;[0m
  &amp;#27;[32mAnd &amp;#27;[0m&amp;#27;[32mI have entered &amp;#27;[0m&amp;#27;[32m&amp;#27;[1m0&amp;#27;[0m&amp;#27;[32m into the calculator&amp;#27;[0m      &amp;#27;[90m# calculator.StepDefinitions.i_have_entered_into_the_calculator(java.lang.Integer)&amp;#27;[0m
  &amp;#27;[32mWhen &amp;#27;[0m&amp;#27;[32mI press multiply&amp;#27;[0m                         &amp;#27;[90m# calculator.StepDefinitions.i_press_multiply()&amp;#27;[0m
  &amp;#27;[31mThen &amp;#27;[0m&amp;#27;[31mthe result should be &amp;#27;[0m&amp;#27;[31m&amp;#27;[1m0&amp;#27;[0m&amp;#27;[31m on the screen&amp;#27;[0m     &amp;#27;[90m# calculator.StepDefinitions.the_result_should_be_on_the_screen(java.lang.Integer)&amp;#27;[0m
      &amp;#27;[31mjava.lang.AssertionError: expected:&lt;0&gt; but was:&lt;1000&gt;
	at org.junit.Assert.fail(Assert.java:89)
	at org.junit.Assert.failNotEquals(Assert.java:835)
	at org.junit.Assert.assertEquals(Assert.java:120)
	at org.junit.Assert.assertEquals(Assert.java:146)
	at calculator.StepDefinitions.the_result_should_be_on_the_screen(StepDefinitions.java:36)
	at âœ½.the result should be 0 on the screen(file:///C:/dev/xray-cucumber-calc/features/1_NEMCRM-2825.feature:12)
&amp;#27;[0m
</system-out>
  </testcase>
  <testcase classname="As a user, I can calculate the sum of two numbers #3" name="As a user, I can calculate the sum of two numbers #1" time="0.016"/>
  <testcase classname="As a user, I can calculate the sum of two numbers #3" name="As a user, I can calculate the sum of two numbers #2" time="0.005"/>
  <testcase classname="As a user, I can calculate the sum of two numbers #3" name="As a user, I can calculate the sum of two numbers #3" time="0.003"/>
  <testcase classname="As a user, I can calculate the sum of two numbers #3" name="As a user, I can calculate the sum of two numbers #4" time="0.003"/>
  <testcase classname="As a user, I can calculate the sum of two numbers #3" name="As a user, I can calculate the sum of two numbers #5" time="0.003"/>
  <testcase classname="As a user, I can calculate the sum of two numbers #4" name="simple integer addition 2" time="0.003"/>
</testsuite>